<?xml version="1.0" encoding="UTF-8"?>
<testsuite name="model.ElevatorConfigTest" tests="1" skipped="0" failures="0" errors="0" timestamp="2021-12-30T18:18:35" hostname="C02XW166JGH7" time="1.158">
  <properties/>
  <testcase name="testConfigureFloorValidInput" classname="model.ElevatorConfigTest" time="1.158"/>
  <system-out><![CDATA[any request string
]]></system-out>
  <system-err><![CDATA[]]></system-err>
</testsuite>
